-------------------------------------------------------------------------------
Test set: com.poc.fse.PocFseApplicationTests
-------------------------------------------------------------------------------
Tests run: 1, Failures: 0, Errors: 1, Skipped: 0, Time elapsed: 4.003 s <<< FAILURE! - in com.poc.fse.PocFseApplicationTests
contextLoads  Time elapsed: 0.001 s  <<< ERROR!
java.lang.IllegalStateException: Failed to load ApplicationContext
Caused by: org.springframework.beans.factory.BeanCreationException: 
Error creating bean with name 'dataSourceScriptDatabaseInitializer' defined in class path resource [org/springframework/boot/autoconfigure/sql/init/DataSourceInitializationConfiguration.class]: Invocation of init method failed; nested exception is org.springframework.jdbc.datasource.init.ScriptStatementFailedException: Failed to execute SQL script statement #2 of URL [file:/C:/Users/shanmugapriya.c/Desktop/casestudy/poc-fse/target/classes/data.sql]: insert into skill_set(name, associate_id,skill_set) values("John","724497","Full Stack Developer"); nested exception is org.h2.jdbc.JdbcSQLSyntaxErrorException: Table "SKILL_SET" not found; SQL statement:
insert into skill_set(name, associate_id,skill_set) values("John","724497","Full Stack Developer") [42102-200]
Caused by: org.springframework.jdbc.datasource.init.ScriptStatementFailedException: 
Failed to execute SQL script statement #2 of URL [file:/C:/Users/shanmugapriya.c/Desktop/casestudy/poc-fse/target/classes/data.sql]: insert into skill_set(name, associate_id,skill_set) values("John","724497","Full Stack Developer"); nested exception is org.h2.jdbc.JdbcSQLSyntaxErrorException: Table "SKILL_SET" not found; SQL statement:
insert into skill_set(name, associate_id,skill_set) values("John","724497","Full Stack Developer") [42102-200]
Caused by: org.h2.jdbc.JdbcSQLSyntaxErrorException: 
Table "SKILL_SET" not found; SQL statement:
insert into skill_set(name, associate_id,skill_set) values("John","724497","Full Stack Developer") [42102-200]

